android/app/build/intermediates/manifest_merge_blame_file/debug/processDebugMainManifest/manifest-merger-blame-debug-report.txt
1<?xml version="1.0" encoding="utf-8"?>
2<manifest xmlns:android="http://schemas.android.com/apk/res/android"
3    package="com.familyguard.app"
4    android:versionCode="1"
5    android:versionName="1.0.0" >
6
7    <uses-sdk
8        android:minSdkVersion="26"
9        android:targetSdkVersion="35" />
10
11    <!-- Network -->
12    <uses-permission android:name="android.permission.INTERNET" />
12-->src/main/AndroidManifest.xml:6:5-67
12-->src/main/AndroidManifest.xml:6:22-64
13    <uses-permission android:name="android.permission.ACCESS_NETWORK_STATE" />
13-->src/main/AndroidManifest.xml:7:5-79
13-->src/main/AndroidManifest.xml:7:22-76
14
15    <!-- Location -->
16    <uses-permission android:name="android.permission.ACCESS_FINE_LOCATION" />
16-->src/main/AndroidManifest.xml:10:5-79
16-->src/main/AndroidManifest.xml:10:22-76
17    <uses-permission android:name="android.permission.ACCESS_COARSE_LOCATION" />
17-->src/main/AndroidManifest.xml:11:5-81
17-->src/main/AndroidManifest.xml:11:22-78
18    <uses-permission android:name="android.permission.ACCESS_BACKGROUND_LOCATION" />
18-->src/main/AndroidManifest.xml:12:5-85
18-->src/main/AndroidManifest.xml:12:22-82
19
20    <!-- VPN (DNS filter) -->
21    <uses-permission android:name="android.permission.BIND_VPN_SERVICE" />
21-->src/main/AndroidManifest.xml:15:5-75
21-->src/main/AndroidManifest.xml:15:22-72
22
23    <!-- Usage Stats (app monitoring) -->
24    <uses-permission android:name="android.permission.PACKAGE_USAGE_STATS" />
24-->src/main/AndroidManifest.xml:18:5-19:47
24-->src/main/AndroidManifest.xml:18:22-75
25
26    <!-- Foreground service -->
27    <uses-permission android:name="android.permission.FOREGROUND_SERVICE" />
27-->src/main/AndroidManifest.xml:22:5-77
27-->src/main/AndroidManifest.xml:22:22-74
28    <uses-permission android:name="android.permission.FOREGROUND_SERVICE_LOCATION" />
28-->src/main/AndroidManifest.xml:23:5-86
28-->src/main/AndroidManifest.xml:23:22-83
29    <uses-permission android:name="android.permission.FOREGROUND_SERVICE_SPECIAL_USE" />
29-->src/main/AndroidManifest.xml:24:5-89
29-->src/main/AndroidManifest.xml:24:22-86
30
31    <!-- Boot autostart -->
32    <uses-permission android:name="android.permission.RECEIVE_BOOT_COMPLETED" />
32-->src/main/AndroidManifest.xml:27:5-81
32-->src/main/AndroidManifest.xml:27:22-78
33
34    <!-- Vibration (SOS haptic) -->
35    <uses-permission android:name="android.permission.VIBRATE" />
35-->src/main/AndroidManifest.xml:30:5-66
35-->src/main/AndroidManifest.xml:30:22-63
36
37    <!-- POST_NOTIFICATIONS (Android 13+) -->
38    <uses-permission android:name="android.permission.POST_NOTIFICATIONS" />
38-->src/main/AndroidManifest.xml:33:5-77
38-->src/main/AndroidManifest.xml:33:22-74
39
40    <!-- Wake lock (keep service alive) -->
41    <uses-permission android:name="android.permission.WAKE_LOCK" />
41-->src/main/AndroidManifest.xml:36:5-68
41-->src/main/AndroidManifest.xml:36:22-65
42
43    <!-- Device admin (prevent uninstall) -->
44    <uses-permission android:name="android.permission.BIND_DEVICE_ADMIN" />
44-->src/main/AndroidManifest.xml:39:5-40:47
44-->src/main/AndroidManifest.xml:39:22-73
45
46    <permission
46-->[androidx.core:core:1.13.1] AndroidManifest.xml:22:5-24:47
47        android:name="com.familyguard.app.DYNAMIC_RECEIVER_NOT_EXPORTED_PERMISSION"
47-->[androidx.core:core:1.13.1] AndroidManifest.xml:23:9-81
48        android:protectionLevel="signature" />
48-->[androidx.core:core:1.13.1] AndroidManifest.xml:24:9-44
49
50    <uses-permission android:name="com.familyguard.app.DYNAMIC_RECEIVER_NOT_EXPORTED_PERMISSION" />
50-->[androidx.core:core:1.13.1] AndroidManifest.xml:26:5-97
50-->[androidx.core:core:1.13.1] AndroidManifest.xml:26:22-94
51
52    <application
52-->src/main/AndroidManifest.xml:42:5-131:19
53        android:name="com.familyguard.app.FamilyGuardApp"
53-->src/main/AndroidManifest.xml:43:9-39
54        android:allowBackup="false"
54-->src/main/AndroidManifest.xml:44:9-36
55        android:appComponentFactory="androidx.core.app.CoreComponentFactory"
55-->[androidx.core:core:1.13.1] AndroidManifest.xml:28:18-86
56        android:debuggable="true"
57        android:extractNativeLibs="false"
58        android:icon="@mipmap/ic_launcher"
58-->src/main/AndroidManifest.xml:45:9-43
59        android:label="@string/app_name"
59-->src/main/AndroidManifest.xml:46:9-41
60        android:networkSecurityConfig="@xml/network_security_config"
60-->src/main/AndroidManifest.xml:48:9-69
61        android:theme="@style/Theme.FamilyGuard" >
61-->src/main/AndroidManifest.xml:47:9-49
62
63        <!-- Main Activity -->
64        <activity
64-->src/main/AndroidManifest.xml:51:9-59:20
65            android:name="com.familyguard.app.ui.MainActivity"
65-->src/main/AndroidManifest.xml:52:13-44
66            android:exported="true"
66-->src/main/AndroidManifest.xml:53:13-36
67            android:launchMode="singleTop" >
67-->src/main/AndroidManifest.xml:54:13-43
68            <intent-filter>
68-->src/main/AndroidManifest.xml:55:13-58:29
69                <action android:name="android.intent.action.MAIN" />
69-->src/main/AndroidManifest.xml:56:17-69
69-->src/main/AndroidManifest.xml:56:25-66
70
71                <category android:name="android.intent.category.LAUNCHER" />
71-->src/main/AndroidManifest.xml:57:17-77
71-->src/main/AndroidManifest.xml:57:27-74
72            </intent-filter>
73        </activity>
74
75        <!-- Location Foreground Service -->
76        <service
76-->src/main/AndroidManifest.xml:62:9-65:56
77            android:name="com.familyguard.app.services.LocationForegroundService"
77-->src/main/AndroidManifest.xml:63:13-63
78            android:exported="false"
78-->src/main/AndroidManifest.xml:64:13-37
79            android:foregroundServiceType="location" />
79-->src/main/AndroidManifest.xml:65:13-53
80
81        <!-- DNS VPN Service -->
82        <service
82-->src/main/AndroidManifest.xml:68:9-75:19
83            android:name="com.familyguard.app.services.DnsVpnService"
83-->src/main/AndroidManifest.xml:69:13-51
84            android:exported="false"
84-->src/main/AndroidManifest.xml:70:13-37
85            android:permission="android.permission.BIND_VPN_SERVICE" >
85-->src/main/AndroidManifest.xml:71:13-69
86            <intent-filter>
86-->src/main/AndroidManifest.xml:72:13-74:29
87                <action android:name="android.net.VpnService" />
87-->src/main/AndroidManifest.xml:73:17-65
87-->src/main/AndroidManifest.xml:73:25-62
88            </intent-filter>
89        </service>
90
91        <!-- App Monitor Accessibility Service -->
92        <service
92-->src/main/AndroidManifest.xml:78:9-89:19
93            android:name="com.familyguard.app.services.AppMonitorAccessibilityService"
93-->src/main/AndroidManifest.xml:79:13-68
94            android:exported="true"
94-->src/main/AndroidManifest.xml:80:13-36
95            android:label="@string/accessibility_service_label"
95-->src/main/AndroidManifest.xml:81:13-64
96            android:permission="android.permission.BIND_ACCESSIBILITY_SERVICE" >
96-->src/main/AndroidManifest.xml:82:13-79
97            <intent-filter>
97-->src/main/AndroidManifest.xml:83:13-85:29
98                <action android:name="android.accessibilityservice.AccessibilityService" />
98-->src/main/AndroidManifest.xml:84:17-92
98-->src/main/AndroidManifest.xml:84:25-89
99            </intent-filter>
100
101            <meta-data
101-->src/main/AndroidManifest.xml:86:13-88:72
102                android:name="android.accessibilityservice"
102-->src/main/AndroidManifest.xml:87:17-60
103                android:resource="@xml/accessibility_service_config" />
103-->src/main/AndroidManifest.xml:88:17-69
104        </service>
105
106        <!-- Block Overlay Activity — shown when child opens blocked app -->
107        <activity
107-->src/main/AndroidManifest.xml:92:9-99:86
108            android:name="com.familyguard.app.services.BlockOverlayActivity"
108-->src/main/AndroidManifest.xml:93:13-58
109            android:excludeFromRecents="true"
109-->src/main/AndroidManifest.xml:95:13-46
110            android:exported="false"
110-->src/main/AndroidManifest.xml:94:13-37
111            android:launchMode="singleInstance"
111-->src/main/AndroidManifest.xml:96:13-48
112            android:showOnLockScreen="true"
112-->src/main/AndroidManifest.xml:97:13-44
113            android:taskAffinity="com.familyguard.block"
113-->src/main/AndroidManifest.xml:98:13-57
114            android:theme="@android:style/Theme.Translucent.NoTitleBar.Fullscreen" />
114-->src/main/AndroidManifest.xml:99:13-83
115
116        <!-- Boot Receiver -->
117        <receiver
117-->src/main/AndroidManifest.xml:109:9-116:20
118            android:name="com.familyguard.app.receivers.BootReceiver"
118-->src/main/AndroidManifest.xml:110:13-51
119            android:exported="true" >
119-->src/main/AndroidManifest.xml:111:13-36
120            <intent-filter android:priority="999" >
120-->src/main/AndroidManifest.xml:112:13-115:29
120-->src/main/AndroidManifest.xml:112:28-50
121                <action android:name="android.intent.action.BOOT_COMPLETED" />
121-->src/main/AndroidManifest.xml:113:17-79
121-->src/main/AndroidManifest.xml:113:25-76
122                <action android:name="android.intent.action.MY_PACKAGE_REPLACED" />
122-->src/main/AndroidManifest.xml:114:17-84
122-->src/main/AndroidManifest.xml:114:25-81
123            </intent-filter>
124        </receiver>
125
126        <!-- Device Admin Receiver -->
127        <receiver
127-->src/main/AndroidManifest.xml:119:9-129:20
128            android:name="com.familyguard.app.receivers.DeviceAdminReceiver"
128-->src/main/AndroidManifest.xml:120:13-58
129            android:exported="true"
129-->src/main/AndroidManifest.xml:121:13-36
130            android:permission="android.permission.BIND_DEVICE_ADMIN" >
130-->src/main/AndroidManifest.xml:122:13-70
131            <meta-data
131-->src/main/AndroidManifest.xml:123:13-125:63
132                android:name="android.app.device_admin"
132-->src/main/AndroidManifest.xml:124:17-56
133                android:resource="@xml/device_admin_config" />
133-->src/main/AndroidManifest.xml:125:17-60
134
135            <intent-filter>
135-->src/main/AndroidManifest.xml:126:13-128:29
136                <action android:name="android.app.action.DEVICE_ADMIN_ENABLED" />
136-->src/main/AndroidManifest.xml:127:17-82
136-->src/main/AndroidManifest.xml:127:25-79
137            </intent-filter>
138        </receiver>
139
140        <provider
140-->[androidx.work:work-runtime:2.9.1] AndroidManifest.xml:29:9-37:20
141            android:name="androidx.startup.InitializationProvider"
141-->[androidx.work:work-runtime:2.9.1] AndroidManifest.xml:30:13-67
142            android:authorities="com.familyguard.app.androidx-startup"
142-->[androidx.work:work-runtime:2.9.1] AndroidManifest.xml:31:13-68
143            android:exported="false" >
143-->[androidx.work:work-runtime:2.9.1] AndroidManifest.xml:32:13-37
144            <meta-data
144-->[androidx.work:work-runtime:2.9.1] AndroidManifest.xml:34:13-36:52
145                android:name="androidx.work.WorkManagerInitializer"
145-->[androidx.work:work-runtime:2.9.1] AndroidManifest.xml:35:17-68
146                android:value="androidx.startup" />
146-->[androidx.work:work-runtime:2.9.1] AndroidManifest.xml:36:17-49
147            <meta-data
147-->[androidx.emoji2:emoji2:1.3.0] AndroidManifest.xml:29:13-31:52
148                android:name="androidx.emoji2.text.EmojiCompatInitializer"
148-->[androidx.emoji2:emoji2:1.3.0] AndroidManifest.xml:30:17-75
149                android:value="androidx.startup" />
149-->[androidx.emoji2:emoji2:1.3.0] AndroidManifest.xml:31:17-49
150            <meta-data
150-->[androidx.lifecycle:lifecycle-process:2.8.3] AndroidManifest.xml:29:13-31:52
151                android:name="androidx.lifecycle.ProcessLifecycleInitializer"
151-->[androidx.lifecycle:lifecycle-process:2.8.3] AndroidManifest.xml:30:17-78
152                android:value="androidx.startup" />
152-->[androidx.lifecycle:lifecycle-process:2.8.3] AndroidManifest.xml:31:17-49
153            <meta-data
153-->[androidx.profileinstaller:profileinstaller:1.3.1] AndroidManifest.xml:29:13-31:52
154                android:name="androidx.profileinstaller.ProfileInstallerInitializer"
154-->[androidx.profileinstaller:profileinstaller:1.3.1] AndroidManifest.xml:30:17-85
155                android:value="androidx.startup" />
155-->[androidx.profileinstaller:profileinstaller:1.3.1] AndroidManifest.xml:31:17-49
156        </provider>
157
158        <service
158-->[androidx.work:work-runtime:2.9.1] AndroidManifest.xml:39:9-45:35
159            android:name="androidx.work.impl.background.systemalarm.SystemAlarmService"
159-->[androidx.work:work-runtime:2.9.1] AndroidManifest.xml:40:13-88
160            android:directBootAware="false"
160-->[androidx.work:work-runtime:2.9.1] AndroidManifest.xml:41:13-44
161            android:enabled="@bool/enable_system_alarm_service_default"
161-->[androidx.work:work-runtime:2.9.1] AndroidManifest.xml:42:13-72
162            android:exported="false" />
162-->[androidx.work:work-runtime:2.9.1] AndroidManifest.xml:43:13-37
163        <service
163-->[androidx.work:work-runtime:2.9.1] AndroidManifest.xml:46:9-52:35
164            android:name="androidx.work.impl.background.systemjob.SystemJobService"
164-->[androidx.work:work-runtime:2.9.1] AndroidManifest.xml:47:13-84
165            android:directBootAware="false"
165-->[androidx.work:work-runtime:2.9.1] AndroidManifest.xml:48:13-44
166            android:enabled="@bool/enable_system_job_service_default"
166-->[androidx.work:work-runtime:2.9.1] AndroidManifest.xml:49:13-70
167            android:exported="true"
167-->[androidx.work:work-runtime:2.9.1] AndroidManifest.xml:50:13-36
168            android:permission="android.permission.BIND_JOB_SERVICE" />
168-->[androidx.work:work-runtime:2.9.1] AndroidManifest.xml:51:13-69
169        <service
169-->[androidx.work:work-runtime:2.9.1] AndroidManifest.xml:53:9-59:35
170            android:name="androidx.work.impl.foreground.SystemForegroundService"
170-->[androidx.work:work-runtime:2.9.1] AndroidManifest.xml:54:13-81
171            android:directBootAware="false"
171-->[androidx.work:work-runtime:2.9.1] AndroidManifest.xml:55:13-44
172            android:enabled="@bool/enable_system_foreground_service_default"
172-->[androidx.work:work-runtime:2.9.1] AndroidManifest.xml:56:13-77
173            android:exported="false" />
173-->[androidx.work:work-runtime:2.9.1] AndroidManifest.xml:57:13-37
174
175        <receiver
175-->[androidx.work:work-runtime:2.9.1] AndroidManifest.xml:61:9-66:35
176            android:name="androidx.work.impl.utils.ForceStopRunnable$BroadcastReceiver"
176-->[androidx.work:work-runtime:2.9.1] AndroidManifest.xml:62:13-88
177            android:directBootAware="false"
177-->[androidx.work:work-runtime:2.9.1] AndroidManifest.xml:63:13-44
178            android:enabled="true"
178-->[androidx.work:work-runtime:2.9.1] AndroidManifest.xml:64:13-35
179            android:exported="false" />
179-->[androidx.work:work-runtime:2.9.1] AndroidManifest.xml:65:13-37
180        <receiver
180-->[androidx.work:work-runtime:2.9.1] AndroidManifest.xml:67:9-77:20
181            android:name="androidx.work.impl.background.systemalarm.ConstraintProxy$BatteryChargingProxy"
181-->[androidx.work:work-runtime:2.9.1] AndroidManifest.xml:68:13-106
182            android:directBootAware="false"
182-->[androidx.work:work-runtime:2.9.1] AndroidManifest.xml:69:13-44
183            android:enabled="false"
183-->[androidx.work:work-runtime:2.9.1] AndroidManifest.xml:70:13-36
184            android:exported="false" >
184-->[androidx.work:work-runtime:2.9.1] AndroidManifest.xml:71:13-37
185            <intent-filter>
185-->[androidx.work:work-runtime:2.9.1] AndroidManifest.xml:73:13-76:29
186                <action android:name="android.intent.action.ACTION_POWER_CONNECTED" />
186-->[androidx.work:work-runtime:2.9.1] AndroidManifest.xml:74:17-87
186-->[androidx.work:work-runtime:2.9.1] AndroidManifest.xml:74:25-84
187                <action android:name="android.intent.action.ACTION_POWER_DISCONNECTED" />
187-->[androidx.work:work-runtime:2.9.1] AndroidManifest.xml:75:17-90
187-->[androidx.work:work-runtime:2.9.1] AndroidManifest.xml:75:25-87
188            </intent-filter>
189        </receiver>
190        <receiver
190-->[androidx.work:work-runtime:2.9.1] AndroidManifest.xml:78:9-88:20
191            android:name="androidx.work.impl.background.systemalarm.ConstraintProxy$BatteryNotLowProxy"
191-->[androidx.work:work-runtime:2.9.1] AndroidManifest.xml:79:13-104
192            android:directBootAware="false"
192-->[androidx.work:work-runtime:2.9.1] AndroidManifest.xml:80:13-44
193            android:enabled="false"
193-->[androidx.work:work-runtime:2.9.1] AndroidManifest.xml:81:13-36
194            android:exported="false" >
194-->[androidx.work:work-runtime:2.9.1] AndroidManifest.xml:82:13-37
195            <intent-filter>
195-->[androidx.work:work-runtime:2.9.1] AndroidManifest.xml:84:13-87:29
196                <action android:name="android.intent.action.BATTERY_OKAY" />
196-->[androidx.work:work-runtime:2.9.1] AndroidManifest.xml:85:17-77
196-->[androidx.work:work-runtime:2.9.1] AndroidManifest.xml:85:25-74
197                <action android:name="android.intent.action.BATTERY_LOW" />
197-->[androidx.work:work-runtime:2.9.1] AndroidManifest.xml:86:17-76
197-->[androidx.work:work-runtime:2.9.1] AndroidManifest.xml:86:25-73
198            </intent-filter>
199        </receiver>
200        <receiver
200-->[androidx.work:work-runtime:2.9.1] AndroidManifest.xml:89:9-99:20
201            android:name="androidx.work.impl.background.systemalarm.ConstraintProxy$StorageNotLowProxy"
201-->[androidx.work:work-runtime:2.9.1] AndroidManifest.xml:90:13-104
202            android:directBootAware="false"
202-->[androidx.work:work-runtime:2.9.1] AndroidManifest.xml:91:13-44
203            android:enabled="false"
203-->[androidx.work:work-runtime:2.9.1] AndroidManifest.xml:92:13-36
204            android:exported="false" >
204-->[androidx.work:work-runtime:2.9.1] AndroidManifest.xml:93:13-37
205            <intent-filter>
205-->[androidx.work:work-runtime:2.9.1] AndroidManifest.xml:95:13-98:29
206                <action android:name="android.intent.action.DEVICE_STORAGE_LOW" />
206-->[androidx.work:work-runtime:2.9.1] AndroidManifest.xml:96:17-83
206-->[androidx.work:work-runtime:2.9.1] AndroidManifest.xml:96:25-80
207                <action android:name="android.intent.action.DEVICE_STORAGE_OK" />
207-->[androidx.work:work-runtime:2.9.1] AndroidManifest.xml:97:17-82
207-->[androidx.work:work-runtime:2.9.1] AndroidManifest.xml:97:25-79
208            </intent-filter>
209        </receiver>
210        <receiver
210-->[androidx.work:work-runtime:2.9.1] AndroidManifest.xml:100:9-109:20
211            android:name="androidx.work.impl.background.systemalarm.ConstraintProxy$NetworkStateProxy"
211-->[androidx.work:work-runtime:2.9.1] AndroidManifest.xml:101:13-103
212            android:directBootAware="false"
212-->[androidx.work:work-runtime:2.9.1] AndroidManifest.xml:102:13-44
213            android:enabled="false"
213-->[androidx.work:work-runtime:2.9.1] AndroidManifest.xml:103:13-36
214            android:exported="false" >
214-->[androidx.work:work-runtime:2.9.1] AndroidManifest.xml:104:13-37
215            <intent-filter>
215-->[androidx.work:work-runtime:2.9.1] AndroidManifest.xml:106:13-108:29
216                <action android:name="android.net.conn.CONNECTIVITY_CHANGE" />
216-->[androidx.work:work-runtime:2.9.1] AndroidManifest.xml:107:17-79
216-->[androidx.work:work-runtime:2.9.1] AndroidManifest.xml:107:25-76
217            </intent-filter>
218        </receiver>
219        <receiver
219-->[androidx.work:work-runtime:2.9.1] AndroidManifest.xml:110:9-121:20
220            android:name="androidx.work.impl.background.systemalarm.RescheduleReceiver"
220-->[androidx.work:work-runtime:2.9.1] AndroidManifest.xml:111:13-88
221            android:directBootAware="false"
221-->[androidx.work:work-runtime:2.9.1] AndroidManifest.xml:112:13-44
222            android:enabled="false"
222-->[androidx.work:work-runtime:2.9.1] AndroidManifest.xml:113:13-36
223            android:exported="false" >
223-->[androidx.work:work-runtime:2.9.1] AndroidManifest.xml:114:13-37
224            <intent-filter>
224-->[androidx.work:work-runtime:2.9.1] AndroidManifest.xml:116:13-120:29
225                <action android:name="android.intent.action.BOOT_COMPLETED" />
225-->src/main/AndroidManifest.xml:113:17-79
225-->src/main/AndroidManifest.xml:113:25-76
226                <action android:name="android.intent.action.TIME_SET" />
226-->[androidx.work:work-runtime:2.9.1] AndroidManifest.xml:118:17-73
226-->[androidx.work:work-runtime:2.9.1] AndroidManifest.xml:118:25-70
227                <action android:name="android.intent.action.TIMEZONE_CHANGED" />
227-->[androidx.work:work-runtime:2.9.1] AndroidManifest.xml:119:17-81
227-->[androidx.work:work-runtime:2.9.1] AndroidManifest.xml:119:25-78
228            </intent-filter>
229        </receiver>
230        <receiver
230-->[androidx.work:work-runtime:2.9.1] AndroidManifest.xml:122:9-131:20
231            android:name="androidx.work.impl.background.systemalarm.ConstraintProxyUpdateReceiver"
231-->[androidx.work:work-runtime:2.9.1] AndroidManifest.xml:123:13-99
232            android:directBootAware="false"
232-->[androidx.work:work-runtime:2.9.1] AndroidManifest.xml:124:13-44
233            android:enabled="@bool/enable_system_alarm_service_default"
233-->[androidx.work:work-runtime:2.9.1] AndroidManifest.xml:125:13-72
234            android:exported="false" >
234-->[androidx.work:work-runtime:2.9.1] AndroidManifest.xml:126:13-37
235            <intent-filter>
235-->[androidx.work:work-runtime:2.9.1] AndroidManifest.xml:128:13-130:29
236                <action android:name="androidx.work.impl.background.systemalarm.UpdateProxies" />
236-->[androidx.work:work-runtime:2.9.1] AndroidManifest.xml:129:17-98
236-->[androidx.work:work-runtime:2.9.1] AndroidManifest.xml:129:25-95
237            </intent-filter>
238        </receiver>
239        <receiver
239-->[androidx.work:work-runtime:2.9.1] AndroidManifest.xml:132:9-142:20
240            android:name="androidx.work.impl.diagnostics.DiagnosticsReceiver"
240-->[androidx.work:work-runtime:2.9.1] AndroidManifest.xml:133:13-78
241            android:directBootAware="false"
241-->[androidx.work:work-runtime:2.9.1] AndroidManifest.xml:134:13-44
242            android:enabled="true"
242-->[androidx.work:work-runtime:2.9.1] AndroidManifest.xml:135:13-35
243            android:exported="true"
243-->[androidx.work:work-runtime:2.9.1] AndroidManifest.xml:136:13-36
244            android:permission="android.permission.DUMP" >
244-->[androidx.work:work-runtime:2.9.1] AndroidManifest.xml:137:13-57
245            <intent-filter>
245-->[androidx.work:work-runtime:2.9.1] AndroidManifest.xml:139:13-141:29
246                <action android:name="androidx.work.diagnostics.REQUEST_DIAGNOSTICS" />
246-->[androidx.work:work-runtime:2.9.1] AndroidManifest.xml:140:17-88
246-->[androidx.work:work-runtime:2.9.1] AndroidManifest.xml:140:25-85
247            </intent-filter>
248        </receiver>
249
250        <activity
250-->[com.google.android.gms:play-services-base:18.5.0] AndroidManifest.xml:5:9-173
251            android:name="com.google.android.gms.common.api.GoogleApiActivity"
251-->[com.google.android.gms:play-services-base:18.5.0] AndroidManifest.xml:5:19-85
252            android:exported="false"
252-->[com.google.android.gms:play-services-base:18.5.0] AndroidManifest.xml:5:146-170
253            android:theme="@android:style/Theme.Translucent.NoTitleBar" />
253-->[com.google.android.gms:play-services-base:18.5.0] AndroidManifest.xml:5:86-145
254
255        <service
255-->[androidx.room:room-runtime:2.6.1] AndroidManifest.xml:24:9-28:63
256            android:name="androidx.room.MultiInstanceInvalidationService"
256-->[androidx.room:room-runtime:2.6.1] AndroidManifest.xml:25:13-74
257            android:directBootAware="true"
257-->[androidx.room:room-runtime:2.6.1] AndroidManifest.xml:26:13-43
258            android:exported="false" />
258-->[androidx.room:room-runtime:2.6.1] AndroidManifest.xml:27:13-37
259
260        <meta-data
260-->[com.google.android.gms:play-services-basement:18.4.0] AndroidManifest.xml:6:9-122
261            android:name="com.google.android.gms.version"
261-->[com.google.android.gms:play-services-basement:18.4.0] AndroidManifest.xml:6:20-65
262            android:value="@integer/google_play_services_version" />
262-->[com.google.android.gms:play-services-basement:18.4.0] AndroidManifest.xml:6:66-119
263
264        <receiver
264-->[androidx.profileinstaller:profileinstaller:1.3.1] AndroidManifest.xml:34:9-52:20
265            android:name="androidx.profileinstaller.ProfileInstallReceiver"
265-->[androidx.profileinstaller:profileinstaller:1.3.1] AndroidManifest.xml:35:13-76
266            android:directBootAware="false"
266-->[androidx.profileinstaller:profileinstaller:1.3.1] AndroidManifest.xml:36:13-44
267            android:enabled="true"
267-->[androidx.profileinstaller:profileinstaller:1.3.1] AndroidManifest.xml:37:13-35
268            android:exported="true"
268-->[androidx.profileinstaller:profileinstaller:1.3.1] AndroidManifest.xml:38:13-36
269            android:permission="android.permission.DUMP" >
269-->[androidx.profileinstaller:profileinstaller:1.3.1] AndroidManifest.xml:39:13-57
270            <intent-filter>
270-->[androidx.profileinstaller:profileinstaller:1.3.1] AndroidManifest.xml:40:13-42:29
271                <action android:name="androidx.profileinstaller.action.INSTALL_PROFILE" />
271-->[androidx.profileinstaller:profileinstaller:1.3.1] AndroidManifest.xml:41:17-91
271-->[androidx.profileinstaller:profileinstaller:1.3.1] AndroidManifest.xml:41:25-88
272            </intent-filter>
273            <intent-filter>
273-->[androidx.profileinstaller:profileinstaller:1.3.1] AndroidManifest.xml:43:13-45:29
274                <action android:name="androidx.profileinstaller.action.SKIP_FILE" />
274-->[androidx.profileinstaller:profileinstaller:1.3.1] AndroidManifest.xml:44:17-85
274-->[androidx.profileinstaller:profileinstaller:1.3.1] AndroidManifest.xml:44:25-82
275            </intent-filter>
276            <intent-filter>
276-->[androidx.profileinstaller:profileinstaller:1.3.1] AndroidManifest.xml:46:13-48:29
277                <action android:name="androidx.profileinstaller.action.SAVE_PROFILE" />
277-->[androidx.profileinstaller:profileinstaller:1.3.1] AndroidManifest.xml:47:17-88
277-->[androidx.profileinstaller:profileinstaller:1.3.1] AndroidManifest.xml:47:25-85
278            </intent-filter>
279            <intent-filter>
279-->[androidx.profileinstaller:profileinstaller:1.3.1] AndroidManifest.xml:49:13-51:29
280                <action android:name="androidx.profileinstaller.action.BENCHMARK_OPERATION" />
280-->[androidx.profileinstaller:profileinstaller:1.3.1] AndroidManifest.xml:50:17-95
280-->[androidx.profileinstaller:profileinstaller:1.3.1] AndroidManifest.xml:50:25-92
281            </intent-filter>
282        </receiver>
283    </application>
284
285</manifest>